Determining if the pthread_create exist failed with the following output:
Change Dir: /home/harshil/niyantum/build/catkin_tools_prebuild/CMakeFiles/CMakeTmp

Run Build Command:"/usr/bin/make" "cmTC_fd3de/fast"
/usr/bin/make -f CMakeFiles/cmTC_fd3de.dir/build.make CMakeFiles/cmTC_fd3de.dir/build
make[1]: Entering directory '/home/harshil/niyantum/build/catkin_tools_prebuild/CMakeFiles/CMakeTmp'
Building C object CMakeFiles/cmTC_fd3de.dir/CheckSymbolExists.c.o
/usr/bin/cc    -o CMakeFiles/cmTC_fd3de.dir/CheckSymbolExists.c.o   -c /home/harshil/niyantum/build/catkin_tools_prebuild/CMakeFiles/CMakeTmp/CheckSymbolExists.c
Linking C executable cmTC_fd3de
/usr/bin/cmake -E cmake_link_script CMakeFiles/cmTC_fd3de.dir/link.txt --verbose=1
/usr/bin/cc      -rdynamic CMakeFiles/cmTC_fd3de.dir/CheckSymbolExists.c.o  -o cmTC_fd3de 
CMakeFiles/cmTC_fd3de.dir/CheckSymbolExists.c.o: In function `main':
CheckSymbolExists.c:(.text+0x1b): undefined reference to `pthread_create'
collect2: error: ld returned 1 exit status
CMakeFiles/cmTC_fd3de.dir/build.make:97: recipe for target 'cmTC_fd3de' failed
make[1]: *** [cmTC_fd3de] Error 1
make[1]: Leaving directory '/home/harshil/niyantum/build/catkin_tools_prebuild/CMakeFiles/CMakeTmp'
Makefile:126: recipe for target 'cmTC_fd3de/fast' failed
make: *** [cmTC_fd3de/fast] Error 2

File /home/harshil/niyantum/build/catkin_tools_prebuild/CMakeFiles/CMakeTmp/CheckSymbolExists.c:
/* */
#include <pthread.h>

int main(int argc, char** argv)
{
  (void)argv;
#ifndef pthread_create
  return ((int*)(&pthread_create))[argc];
#else
  (void)argc;
  return 0;
#endif
}

Determining if the function pthread_create exists in the pthreads failed with the following output:
Change Dir: /home/harshil/niyantum/build/catkin_tools_prebuild/CMakeFiles/CMakeTmp

Run Build Command:"/usr/bin/make" "cmTC_6b26e/fast"
/usr/bin/make -f CMakeFiles/cmTC_6b26e.dir/build.make CMakeFiles/cmTC_6b26e.dir/build
make[1]: Entering directory '/home/harshil/niyantum/build/catkin_tools_prebuild/CMakeFiles/CMakeTmp'
Building C object CMakeFiles/cmTC_6b26e.dir/CheckFunctionExists.c.o
/usr/bin/cc   -DCHECK_FUNCTION_EXISTS=pthread_create   -o CMakeFiles/cmTC_6b26e.dir/CheckFunctionExists.c.o   -c /usr/share/cmake-3.10/Modules/CheckFunctionExists.c
Linking C executable cmTC_6b26e
/usr/bin/cmake -E cmake_link_script CMakeFiles/cmTC_6b26e.dir/link.txt --verbose=1
/usr/bin/cc  -DCHECK_FUNCTION_EXISTS=pthread_create    -rdynamic CMakeFiles/cmTC_6b26e.dir/CheckFunctionExists.c.o  -o cmTC_6b26e -lpthreads 
/usr/bin/ld: cannot find -lpthreads
collect2: error: ld returned 1 exit status
CMakeFiles/cmTC_6b26e.dir/build.make:97: recipe for target 'cmTC_6b26e' failed
make[1]: *** [cmTC_6b26e] Error 1
make[1]: Leaving directory '/home/harshil/niyantum/build/catkin_tools_prebuild/CMakeFiles/CMakeTmp'
Makefile:126: recipe for target 'cmTC_6b26e/fast' failed
make: *** [cmTC_6b26e/fast] Error 2


