Determining if the pthread_create exist failed with the following output:
Change Dir: /home/harshil/niyantum/build/drop/CMakeFiles/CMakeTmp

Run Build Command:"/usr/bin/make" "cmTC_47ade/fast"
/usr/bin/make -f CMakeFiles/cmTC_47ade.dir/build.make CMakeFiles/cmTC_47ade.dir/build
make[1]: Entering directory '/home/harshil/niyantum/build/drop/CMakeFiles/CMakeTmp'
Building C object CMakeFiles/cmTC_47ade.dir/CheckSymbolExists.c.o
/usr/bin/cc    -o CMakeFiles/cmTC_47ade.dir/CheckSymbolExists.c.o   -c /home/harshil/niyantum/build/drop/CMakeFiles/CMakeTmp/CheckSymbolExists.c
Linking C executable cmTC_47ade
/usr/bin/cmake -E cmake_link_script CMakeFiles/cmTC_47ade.dir/link.txt --verbose=1
/usr/bin/cc      -rdynamic CMakeFiles/cmTC_47ade.dir/CheckSymbolExists.c.o  -o cmTC_47ade 
CMakeFiles/cmTC_47ade.dir/CheckSymbolExists.c.o: In function `main':
CheckSymbolExists.c:(.text+0x1b): undefined reference to `pthread_create'
collect2: error: ld returned 1 exit status
CMakeFiles/cmTC_47ade.dir/build.make:97: recipe for target 'cmTC_47ade' failed
make[1]: *** [cmTC_47ade] Error 1
make[1]: Leaving directory '/home/harshil/niyantum/build/drop/CMakeFiles/CMakeTmp'
Makefile:126: recipe for target 'cmTC_47ade/fast' failed
make: *** [cmTC_47ade/fast] Error 2

File /home/harshil/niyantum/build/drop/CMakeFiles/CMakeTmp/CheckSymbolExists.c:
/* */
#include <pthread.h>

int main(int argc, char** argv)
{
  (void)argv;
#ifndef pthread_create
  return ((int*)(&pthread_create))[argc];
#else
  (void)argc;
  return 0;
#endif
}

Determining if the function pthread_create exists in the pthreads failed with the following output:
Change Dir: /home/harshil/niyantum/build/drop/CMakeFiles/CMakeTmp

Run Build Command:"/usr/bin/make" "cmTC_f203f/fast"
/usr/bin/make -f CMakeFiles/cmTC_f203f.dir/build.make CMakeFiles/cmTC_f203f.dir/build
make[1]: Entering directory '/home/harshil/niyantum/build/drop/CMakeFiles/CMakeTmp'
Building C object CMakeFiles/cmTC_f203f.dir/CheckFunctionExists.c.o
/usr/bin/cc   -DCHECK_FUNCTION_EXISTS=pthread_create   -o CMakeFiles/cmTC_f203f.dir/CheckFunctionExists.c.o   -c /usr/share/cmake-3.10/Modules/CheckFunctionExists.c
Linking C executable cmTC_f203f
/usr/bin/cmake -E cmake_link_script CMakeFiles/cmTC_f203f.dir/link.txt --verbose=1
/usr/bin/cc  -DCHECK_FUNCTION_EXISTS=pthread_create    -rdynamic CMakeFiles/cmTC_f203f.dir/CheckFunctionExists.c.o  -o cmTC_f203f -lpthreads 
/usr/bin/ld: cannot find -lpthreads
collect2: error: ld returned 1 exit status
CMakeFiles/cmTC_f203f.dir/build.make:97: recipe for target 'cmTC_f203f' failed
make[1]: *** [cmTC_f203f] Error 1
make[1]: Leaving directory '/home/harshil/niyantum/build/drop/CMakeFiles/CMakeTmp'
Makefile:126: recipe for target 'cmTC_f203f/fast' failed
make: *** [cmTC_f203f/fast] Error 2


